2025-07-11 11:09:26.118 -06:00 [ERR] 
EventId    :1787-250711110926
ErrorList  :Value cannot be null. (Parameter 'items')
StackTrace :   at System.ArgumentNullException.Throw(String paramName)
   at System.ArgumentNullException.ThrowIfNull(Object argument, String paramName)
   at Microsoft.AspNetCore.Mvc.Rendering.MultiSelectList..ctor(IEnumerable items, String dataValueField, String dataTextField, IEnumerable selectedValues, String dataGroupField)
   at Microsoft.AspNetCore.Mvc.Rendering.SelectList..ctor(IEnumerable items, String dataValueField, String dataTextField)
   at AspNetCoreGeneratedDocument.Views_Rese?a_Create.<>c__DisplayClass27_0.<<ExecuteAsync>b__0>d.MoveNext()
--- End of stack trace from previous location ---
   at Microsoft.AspNetCore.Razor.Runtime.TagHelpers.TagHelperExecutionContext.GetChildContentAsync(Boolean useCachedResult, HtmlEncoder encoder)
   at Microsoft.AspNetCore.Mvc.TagHelpers.RenderAtEndOfFormTagHelper.ProcessAsync(TagHelperContext context, TagHelperOutput output)
   at Microsoft.AspNetCore.Razor.Runtime.TagHelpers.TagHelperRunner.<RunAsync>g__Awaited|0_0(Task task, TagHelperExecutionContext executionContext, Int32 i, Int32 count)
   at AspNetCoreGeneratedDocument.Views_Rese?a_Create.ExecuteAsync() in C:\Users\nimer\OneDrive\Escritorio\Proyecto CO\Proyecto CO\Proyecto CultureOnline\MVCCultureOnline\Views\Rese?a\Create.cshtml:line 6
   at Microsoft.AspNetCore.Mvc.Razor.RazorView.RenderPageCoreAsync(IRazorPage page, ViewContext context)
   at Microsoft.AspNetCore.Mvc.Razor.RazorView.RenderPageAsync(IRazorPage page, ViewContext context, Boolean invokeViewStarts)
   at Microsoft.AspNetCore.Mvc.Razor.RazorView.RenderAsync(ViewContext context)
   at Microsoft.AspNetCore.Mvc.ViewFeatures.ViewExecutor.ExecuteAsync(ViewContext viewContext, String contentType, Nullable`1 statusCode)
   at Microsoft.AspNetCore.Mvc.ViewFeatures.ViewExecutor.ExecuteAsync(ViewContext viewContext, String contentType, Nullable`1 statusCode)
   at Microsoft.AspNetCore.Mvc.ViewFeatures.ViewExecutor.ExecuteAsync(ActionContext actionContext, IView view, ViewDataDictionary viewData, ITempDataDictionary tempData, String contentType, Nullable`1 statusCode)
   at Microsoft.AspNetCore.Mvc.ViewFeatures.ViewResultExecutor.ExecuteAsync(ActionContext context, ViewResult result)
   at Microsoft.AspNetCore.Mvc.ViewResult.ExecuteResultAsync(ActionContext context)
   at Microsoft.AspNetCore.Mvc.Infrastructure.ResourceInvoker.<InvokeNextResultFilterAsync>g__Awaited|30_0[TFilter,TFilterAsync](ResourceInvoker invoker, Task lastTask, State next, Scope scope, Object state, Boolean isCompleted)
   at Microsoft.AspNetCore.Mvc.Infrastructure.ResourceInvoker.Rethrow(ResultExecutedContextSealed context)
   at Microsoft.AspNetCore.Mvc.Infrastructure.ResourceInvoker.ResultNext[TFilter,TFilterAsync](State& next, Scope& scope, Object& state, Boolean& isCompleted)
   at Microsoft.AspNetCore.Mvc.Infrastructure.ResourceInvoker.InvokeResultFilters()
--- End of stack trace from previous location ---
   at Microsoft.AspNetCore.Mvc.Infrastructure.ResourceInvoker.<InvokeNextResourceFilter>g__Awaited|25_0(ResourceInvoker invoker, Task lastTask, State next, Scope scope, Object state, Boolean isCompleted)
   at Microsoft.AspNetCore.Mvc.Infrastructure.ResourceInvoker.Rethrow(ResourceExecutedContextSealed context)
   at Microsoft.AspNetCore.Mvc.Infrastructure.ResourceInvoker.Next(State& next, Scope& scope, Object& state, Boolean& isCompleted)
   at Microsoft.AspNetCore.Mvc.Infrastructure.ResourceInvoker.InvokeFilterPipelineAsync()
--- End of stack trace from previous location ---
   at Microsoft.AspNetCore.Mvc.Infrastructure.ResourceInvoker.<InvokeAsync>g__Awaited|17_0(ResourceInvoker invoker, Task task, IDisposable scope)
   at Microsoft.AspNetCore.Mvc.Infrastructure.ResourceInvoker.<InvokeAsync>g__Awaited|17_0(ResourceInvoker invoker, Task task, IDisposable scope)
   at Microsoft.AspNetCore.Authorization.AuthorizationMiddleware.Invoke(HttpContext context)
   at Serilog.AspNetCore.RequestLoggingMiddleware.Invoke(HttpContext httpContext)
   at Libreria.Web.Middleware.ErrorHandlingMiddleware.Invoke(HttpContext context) in C:\Users\nimer\OneDrive\Escritorio\Proyecto CO\Proyecto CO\Proyecto CultureOnline\MVCCultureOnline\Middleware\ErrorHandlingMiddleware.cs:line 23

2025-07-11 16:39:37.167 -06:00 [ERR] 
EventId    :2206-250711043937
ErrorList  :Object reference not set to an instance of an object.
StackTrace :   at CultureOnline.Application.Services.Implementations.ServiceProducto.FindByIdAsync(Int32 id)
   at MVCCultureOnline.Controllers.ProductoController.Detalle(Int32 id) in C:\Users\nimer\OneDrive\Escritorio\Proyecto CO\Proyecto CO\Proyecto CultureOnline\MVCCultureOnline\Controllers\ProductoController.cs:line 31
   at Microsoft.AspNetCore.Mvc.Infrastructure.ActionMethodExecutor.TaskOfIActionResultExecutor.Execute(ActionContext actionContext, IActionResultTypeMapper mapper, ObjectMethodExecutor executor, Object controller, Object[] arguments)
   at Microsoft.AspNetCore.Mvc.Infrastructure.ControllerActionInvoker.<InvokeActionMethodAsync>g__Logged|12_1(ControllerActionInvoker invoker)
   at Microsoft.AspNetCore.Mvc.Infrastructure.ControllerActionInvoker.<InvokeNextActionFilterAsync>g__Awaited|10_0(ControllerActionInvoker invoker, Task lastTask, State next, Scope scope, Object state, Boolean isCompleted)
   at Microsoft.AspNetCore.Mvc.Infrastructure.ControllerActionInvoker.Rethrow(ActionExecutedContextSealed context)
   at Microsoft.AspNetCore.Mvc.Infrastructure.ControllerActionInvoker.Next(State& next, Scope& scope, Object& state, Boolean& isCompleted)
   at Microsoft.AspNetCore.Mvc.Infrastructure.ControllerActionInvoker.<InvokeInnerFilterAsync>g__Awaited|13_0(ControllerActionInvoker invoker, Task lastTask, State next, Scope scope, Object state, Boolean isCompleted)
   at Microsoft.AspNetCore.Mvc.Infrastructure.ResourceInvoker.<InvokeNextResourceFilter>g__Awaited|25_0(ResourceInvoker invoker, Task lastTask, State next, Scope scope, Object state, Boolean isCompleted)
   at Microsoft.AspNetCore.Mvc.Infrastructure.ResourceInvoker.Rethrow(ResourceExecutedContextSealed context)
   at Microsoft.AspNetCore.Mvc.Infrastructure.ResourceInvoker.Next(State& next, Scope& scope, Object& state, Boolean& isCompleted)
   at Microsoft.AspNetCore.Mvc.Infrastructure.ResourceInvoker.<InvokeFilterPipelineAsync>g__Awaited|20_0(ResourceInvoker invoker, Task lastTask, State next, Scope scope, Object state, Boolean isCompleted)
   at Microsoft.AspNetCore.Mvc.Infrastructure.ResourceInvoker.<InvokeAsync>g__Logged|17_1(ResourceInvoker invoker)
   at Microsoft.AspNetCore.Mvc.Infrastructure.ResourceInvoker.<InvokeAsync>g__Logged|17_1(ResourceInvoker invoker)
   at Microsoft.AspNetCore.Authorization.AuthorizationMiddleware.Invoke(HttpContext context)
   at Serilog.AspNetCore.RequestLoggingMiddleware.Invoke(HttpContext httpContext)
   at Libreria.Web.Middleware.ErrorHandlingMiddleware.Invoke(HttpContext context) in C:\Users\nimer\OneDrive\Escritorio\Proyecto CO\Proyecto CO\Proyecto CultureOnline\MVCCultureOnline\Middleware\ErrorHandlingMiddleware.cs:line 23

2025-07-11 19:13:18.631 -06:00 [ERR] Failed executing DbCommand (12ms) [Parameters=[@__producto_Id_0='17'], CommandType='"Text"', CommandTimeout='30']
SELECT [s].[Id], [s].[AnioPublicacion], [s].[ClasificacionEdad], [s].[Descripcion], [s].[Editorial], [s].[EsPersonalizable], [s].[Estado], [s].[idAutor], [s].[Nombre], [s].[Precio], [s].[PromedioValoracion], [s].[Stock], [s].[idAutor0], [s0].[CategoriasId], [s0].[ProductosId], [s0].[Id], [s0].[Estado], [s0].[Nombre], [s].[descripcion0]
FROM (
    SELECT TOP(1) [p].[Id], [p].[AnioPublicacion], [p].[ClasificacionEdad], [p].[Descripcion], [p].[Editorial], [p].[EsPersonalizable], [p].[Estado], [p].[idAutor], [p].[Nombre], [p].[Precio], [p].[PromedioValoracion], [p].[Stock], [a].[idAutor] AS [idAutor0], [a].[descripcion] AS [descripcion0]
    FROM [Productos] AS [p]
    LEFT JOIN [Autor] AS [a] ON [p].[idAutor] = [a].[idAutor]
    WHERE [p].[Id] = @__producto_Id_0
) AS [s]
LEFT JOIN (
    SELECT [c].[CategoriasId], [c].[ProductosId], [c0].[Id], [c0].[Estado], [c0].[Nombre]
    FROM [CategoriasProductos] AS [c]
    INNER JOIN [Categorias] AS [c0] ON [c].[CategoriasId] = [c0].[Id]
) AS [s0] ON [s].[Id] = [s0].[ProductosId]
ORDER BY [s].[Id], [s].[idAutor0], [s0].[CategoriasId], [s0].[ProductosId]
2025-07-11 19:13:18.672 -06:00 [ERR] An exception occurred while iterating over the results of a query for context type 'CultureOnline.Infraestructure.Data.CultureOnlineContext'.
Microsoft.Data.SqlClient.SqlException (0x80131904): Invalid object name 'CategoriasProductos'.
   at Microsoft.Data.SqlClient.SqlCommand.<>c.<ExecuteDbDataReaderAsync>b__211_0(Task`1 result)
   at System.Threading.Tasks.ContinuationResultTaskFromResultTask`2.InnerInvoke()
   at System.Threading.ExecutionContext.RunInternal(ExecutionContext executionContext, ContextCallback callback, Object state)
--- End of stack trace from previous location ---
   at System.Threading.ExecutionContext.RunInternal(ExecutionContext executionContext, ContextCallback callback, Object state)
   at System.Threading.Tasks.Task.ExecuteWithThreadLocal(Task& currentTaskSlot, Thread threadPoolThread)
--- End of stack trace from previous location ---
   at Microsoft.EntityFrameworkCore.Storage.RelationalCommand.ExecuteReaderAsync(RelationalCommandParameterObject parameterObject, CancellationToken cancellationToken)
   at Microsoft.EntityFrameworkCore.Storage.RelationalCommand.ExecuteReaderAsync(RelationalCommandParameterObject parameterObject, CancellationToken cancellationToken)
   at Microsoft.EntityFrameworkCore.Query.Internal.SingleQueryingEnumerable`1.AsyncEnumerator.InitializeReaderAsync(AsyncEnumerator enumerator, CancellationToken cancellationToken)
   at Microsoft.EntityFrameworkCore.SqlServer.Storage.Internal.SqlServerExecutionStrategy.ExecuteAsync[TState,TResult](TState state, Func`4 operation, Func`4 verifySucceeded, CancellationToken cancellationToken)
   at Microsoft.EntityFrameworkCore.Query.Internal.SingleQueryingEnumerable`1.AsyncEnumerator.MoveNextAsync()
ClientConnectionId:c8efb751-61ac-4ec2-9166-c966ee54c460
Error Number:208,State:1,Class:16
Microsoft.Data.SqlClient.SqlException (0x80131904): Invalid object name 'CategoriasProductos'.
   at Microsoft.Data.SqlClient.SqlCommand.<>c.<ExecuteDbDataReaderAsync>b__211_0(Task`1 result)
   at System.Threading.Tasks.ContinuationResultTaskFromResultTask`2.InnerInvoke()
   at System.Threading.ExecutionContext.RunInternal(ExecutionContext executionContext, ContextCallback callback, Object state)
--- End of stack trace from previous location ---
   at System.Threading.ExecutionContext.RunInternal(ExecutionContext executionContext, ContextCallback callback, Object state)
   at System.Threading.Tasks.Task.ExecuteWithThreadLocal(Task& currentTaskSlot, Thread threadPoolThread)
--- End of stack trace from previous location ---
   at Microsoft.EntityFrameworkCore.Storage.RelationalCommand.ExecuteReaderAsync(RelationalCommandParameterObject parameterObject, CancellationToken cancellationToken)
   at Microsoft.EntityFrameworkCore.Storage.RelationalCommand.ExecuteReaderAsync(RelationalCommandParameterObject parameterObject, CancellationToken cancellationToken)
   at Microsoft.EntityFrameworkCore.Query.Internal.SingleQueryingEnumerable`1.AsyncEnumerator.InitializeReaderAsync(AsyncEnumerator enumerator, CancellationToken cancellationToken)
   at Microsoft.EntityFrameworkCore.SqlServer.Storage.Internal.SqlServerExecutionStrategy.ExecuteAsync[TState,TResult](TState state, Func`4 operation, Func`4 verifySucceeded, CancellationToken cancellationToken)
   at Microsoft.EntityFrameworkCore.Query.Internal.SingleQueryingEnumerable`1.AsyncEnumerator.MoveNextAsync()
ClientConnectionId:c8efb751-61ac-4ec2-9166-c966ee54c460
Error Number:208,State:1,Class:16
2025-07-11 20:02:15.023 -06:00 [ERR] Failed executing DbCommand (4ms) [Parameters=[@__producto_Id_0='17'], CommandType='"Text"', CommandTimeout='30']
SELECT [s].[Id], [s].[AnioPublicacion], [s].[ClasificacionEdad], [s].[Descripcion], [s].[Editorial], [s].[EsPersonalizable], [s].[Estado], [s].[idAutor], [s].[Nombre], [s].[Precio], [s].[PromedioValoracion], [s].[Stock], [s].[idAutor0], [s0].[CategoriasId], [s0].[ProductosId], [s0].[Id], [s0].[Estado], [s0].[Nombre], [s].[descripcion0]
FROM (
    SELECT TOP(1) [p].[Id], [p].[AnioPublicacion], [p].[ClasificacionEdad], [p].[Descripcion], [p].[Editorial], [p].[EsPersonalizable], [p].[Estado], [p].[idAutor], [p].[Nombre], [p].[Precio], [p].[PromedioValoracion], [p].[Stock], [a].[idAutor] AS [idAutor0], [a].[descripcion] AS [descripcion0]
    FROM [Productos] AS [p]
    LEFT JOIN [Autor] AS [a] ON [p].[idAutor] = [a].[idAutor]
    WHERE [p].[Id] = @__producto_Id_0
) AS [s]
LEFT JOIN (
    SELECT [c].[CategoriasId], [c].[ProductosId], [c0].[Id], [c0].[Estado], [c0].[Nombre]
    FROM [CategoriasProductos] AS [c]
    INNER JOIN [Categorias] AS [c0] ON [c].[CategoriasId] = [c0].[Id]
) AS [s0] ON [s].[Id] = [s0].[ProductosId]
ORDER BY [s].[Id], [s].[idAutor0], [s0].[CategoriasId], [s0].[ProductosId]
2025-07-11 20:02:15.050 -06:00 [ERR] An exception occurred while iterating over the results of a query for context type 'CultureOnline.Infraestructure.Data.CultureOnlineContext'.
Microsoft.Data.SqlClient.SqlException (0x80131904): Invalid object name 'CategoriasProductos'.
   at Microsoft.Data.SqlClient.SqlCommand.<>c.<ExecuteDbDataReaderAsync>b__211_0(Task`1 result)
   at System.Threading.Tasks.ContinuationResultTaskFromResultTask`2.InnerInvoke()
   at System.Threading.ExecutionContext.RunInternal(ExecutionContext executionContext, ContextCallback callback, Object state)
--- End of stack trace from previous location ---
   at System.Threading.ExecutionContext.RunInternal(ExecutionContext executionContext, ContextCallback callback, Object state)
   at System.Threading.Tasks.Task.ExecuteWithThreadLocal(Task& currentTaskSlot, Thread threadPoolThread)
--- End of stack trace from previous location ---
   at Microsoft.EntityFrameworkCore.Storage.RelationalCommand.ExecuteReaderAsync(RelationalCommandParameterObject parameterObject, CancellationToken cancellationToken)
   at Microsoft.EntityFrameworkCore.Storage.RelationalCommand.ExecuteReaderAsync(RelationalCommandParameterObject parameterObject, CancellationToken cancellationToken)
   at Microsoft.EntityFrameworkCore.Query.Internal.SingleQueryingEnumerable`1.AsyncEnumerator.InitializeReaderAsync(AsyncEnumerator enumerator, CancellationToken cancellationToken)
   at Microsoft.EntityFrameworkCore.SqlServer.Storage.Internal.SqlServerExecutionStrategy.ExecuteAsync[TState,TResult](TState state, Func`4 operation, Func`4 verifySucceeded, CancellationToken cancellationToken)
   at Microsoft.EntityFrameworkCore.Query.Internal.SingleQueryingEnumerable`1.AsyncEnumerator.MoveNextAsync()
ClientConnectionId:eef34f94-2541-415d-af9d-6033bcf0e045
Error Number:208,State:1,Class:16
Microsoft.Data.SqlClient.SqlException (0x80131904): Invalid object name 'CategoriasProductos'.
   at Microsoft.Data.SqlClient.SqlCommand.<>c.<ExecuteDbDataReaderAsync>b__211_0(Task`1 result)
   at System.Threading.Tasks.ContinuationResultTaskFromResultTask`2.InnerInvoke()
   at System.Threading.ExecutionContext.RunInternal(ExecutionContext executionContext, ContextCallback callback, Object state)
--- End of stack trace from previous location ---
   at System.Threading.ExecutionContext.RunInternal(ExecutionContext executionContext, ContextCallback callback, Object state)
   at System.Threading.Tasks.Task.ExecuteWithThreadLocal(Task& currentTaskSlot, Thread threadPoolThread)
--- End of stack trace from previous location ---
   at Microsoft.EntityFrameworkCore.Storage.RelationalCommand.ExecuteReaderAsync(RelationalCommandParameterObject parameterObject, CancellationToken cancellationToken)
   at Microsoft.EntityFrameworkCore.Storage.RelationalCommand.ExecuteReaderAsync(RelationalCommandParameterObject parameterObject, CancellationToken cancellationToken)
   at Microsoft.EntityFrameworkCore.Query.Internal.SingleQueryingEnumerable`1.AsyncEnumerator.InitializeReaderAsync(AsyncEnumerator enumerator, CancellationToken cancellationToken)
   at Microsoft.EntityFrameworkCore.SqlServer.Storage.Internal.SqlServerExecutionStrategy.ExecuteAsync[TState,TResult](TState state, Func`4 operation, Func`4 verifySucceeded, CancellationToken cancellationToken)
   at Microsoft.EntityFrameworkCore.Query.Internal.SingleQueryingEnumerable`1.AsyncEnumerator.MoveNextAsync()
ClientConnectionId:eef34f94-2541-415d-af9d-6033bcf0e045
Error Number:208,State:1,Class:16
2025-07-11 20:12:29.984 -06:00 [ERR] Failed executing DbCommand (4ms) [Parameters=[@__producto_Id_0='17'], CommandType='"Text"', CommandTimeout='30']
SELECT [s].[Id], [s].[AnioPublicacion], [s].[ClasificacionEdad], [s].[Descripcion], [s].[Editorial], [s].[EsPersonalizable], [s].[Estado], [s].[idAutor], [s].[Nombre], [s].[Precio], [s].[PromedioValoracion], [s].[Stock], [s].[idAutor0], [s0].[CategoriasId], [s0].[ProductosId], [s0].[Id], [s0].[Estado], [s0].[Nombre], [s].[descripcion0]
FROM (
    SELECT TOP(1) [p].[Id], [p].[AnioPublicacion], [p].[ClasificacionEdad], [p].[Descripcion], [p].[Editorial], [p].[EsPersonalizable], [p].[Estado], [p].[idAutor], [p].[Nombre], [p].[Precio], [p].[PromedioValoracion], [p].[Stock], [a].[idAutor] AS [idAutor0], [a].[descripcion] AS [descripcion0]
    FROM [Productos] AS [p]
    LEFT JOIN [Autor] AS [a] ON [p].[idAutor] = [a].[idAutor]
    WHERE [p].[Id] = @__producto_Id_0
) AS [s]
LEFT JOIN (
    SELECT [c].[CategoriasId], [c].[ProductosId], [c0].[Id], [c0].[Estado], [c0].[Nombre]
    FROM [CategoriasProductos] AS [c]
    INNER JOIN [Categorias] AS [c0] ON [c].[CategoriasId] = [c0].[Id]
) AS [s0] ON [s].[Id] = [s0].[ProductosId]
ORDER BY [s].[Id], [s].[idAutor0], [s0].[CategoriasId], [s0].[ProductosId]
2025-07-11 20:12:30.010 -06:00 [ERR] An exception occurred while iterating over the results of a query for context type 'CultureOnline.Infraestructure.Data.CultureOnlineContext'.
Microsoft.Data.SqlClient.SqlException (0x80131904): Invalid object name 'CategoriasProductos'.
   at Microsoft.Data.SqlClient.SqlCommand.<>c.<ExecuteDbDataReaderAsync>b__211_0(Task`1 result)
   at System.Threading.Tasks.ContinuationResultTaskFromResultTask`2.InnerInvoke()
   at System.Threading.ExecutionContext.RunInternal(ExecutionContext executionContext, ContextCallback callback, Object state)
--- End of stack trace from previous location ---
   at System.Threading.ExecutionContext.RunInternal(ExecutionContext executionContext, ContextCallback callback, Object state)
   at System.Threading.Tasks.Task.ExecuteWithThreadLocal(Task& currentTaskSlot, Thread threadPoolThread)
--- End of stack trace from previous location ---
   at Microsoft.EntityFrameworkCore.Storage.RelationalCommand.ExecuteReaderAsync(RelationalCommandParameterObject parameterObject, CancellationToken cancellationToken)
   at Microsoft.EntityFrameworkCore.Storage.RelationalCommand.ExecuteReaderAsync(RelationalCommandParameterObject parameterObject, CancellationToken cancellationToken)
   at Microsoft.EntityFrameworkCore.Query.Internal.SingleQueryingEnumerable`1.AsyncEnumerator.InitializeReaderAsync(AsyncEnumerator enumerator, CancellationToken cancellationToken)
   at Microsoft.EntityFrameworkCore.SqlServer.Storage.Internal.SqlServerExecutionStrategy.ExecuteAsync[TState,TResult](TState state, Func`4 operation, Func`4 verifySucceeded, CancellationToken cancellationToken)
   at Microsoft.EntityFrameworkCore.Query.Internal.SingleQueryingEnumerable`1.AsyncEnumerator.MoveNextAsync()
ClientConnectionId:8571654b-cf5d-41f5-a8ac-59be8a3b7f71
Error Number:208,State:1,Class:16
Microsoft.Data.SqlClient.SqlException (0x80131904): Invalid object name 'CategoriasProductos'.
   at Microsoft.Data.SqlClient.SqlCommand.<>c.<ExecuteDbDataReaderAsync>b__211_0(Task`1 result)
   at System.Threading.Tasks.ContinuationResultTaskFromResultTask`2.InnerInvoke()
   at System.Threading.ExecutionContext.RunInternal(ExecutionContext executionContext, ContextCallback callback, Object state)
--- End of stack trace from previous location ---
   at System.Threading.ExecutionContext.RunInternal(ExecutionContext executionContext, ContextCallback callback, Object state)
   at System.Threading.Tasks.Task.ExecuteWithThreadLocal(Task& currentTaskSlot, Thread threadPoolThread)
--- End of stack trace from previous location ---
   at Microsoft.EntityFrameworkCore.Storage.RelationalCommand.ExecuteReaderAsync(RelationalCommandParameterObject parameterObject, CancellationToken cancellationToken)
   at Microsoft.EntityFrameworkCore.Storage.RelationalCommand.ExecuteReaderAsync(RelationalCommandParameterObject parameterObject, CancellationToken cancellationToken)
   at Microsoft.EntityFrameworkCore.Query.Internal.SingleQueryingEnumerable`1.AsyncEnumerator.InitializeReaderAsync(AsyncEnumerator enumerator, CancellationToken cancellationToken)
   at Microsoft.EntityFrameworkCore.SqlServer.Storage.Internal.SqlServerExecutionStrategy.ExecuteAsync[TState,TResult](TState state, Func`4 operation, Func`4 verifySucceeded, CancellationToken cancellationToken)
   at Microsoft.EntityFrameworkCore.Query.Internal.SingleQueryingEnumerable`1.AsyncEnumerator.MoveNextAsync()
ClientConnectionId:8571654b-cf5d-41f5-a8ac-59be8a3b7f71
Error Number:208,State:1,Class:16
2025-07-11 20:27:00.207 -06:00 [ERR] Failed executing DbCommand (5ms) [Parameters=[@__producto_Id_0='11'], CommandType='"Text"', CommandTimeout='30']
SELECT [s].[Id], [s].[AnioPublicacion], [s].[ClasificacionEdad], [s].[Descripcion], [s].[Editorial], [s].[EsPersonalizable], [s].[Estado], [s].[idAutor], [s].[Nombre], [s].[Precio], [s].[PromedioValoracion], [s].[Stock], [s].[idAutor0], [s0].[CategoriasId], [s0].[ProductosId], [s0].[Id], [s0].[Estado], [s0].[Nombre], [s].[descripcion0]
FROM (
    SELECT TOP(1) [p].[Id], [p].[AnioPublicacion], [p].[ClasificacionEdad], [p].[Descripcion], [p].[Editorial], [p].[EsPersonalizable], [p].[Estado], [p].[idAutor], [p].[Nombre], [p].[Precio], [p].[PromedioValoracion], [p].[Stock], [a].[idAutor] AS [idAutor0], [a].[descripcion] AS [descripcion0]
    FROM [Productos] AS [p]
    LEFT JOIN [Autor] AS [a] ON [p].[idAutor] = [a].[idAutor]
    WHERE [p].[Id] = @__producto_Id_0
) AS [s]
LEFT JOIN (
    SELECT [c].[CategoriasId], [c].[ProductosId], [c0].[Id], [c0].[Estado], [c0].[Nombre]
    FROM [CategoriasProductos] AS [c]
    INNER JOIN [Categorias] AS [c0] ON [c].[CategoriasId] = [c0].[Id]
) AS [s0] ON [s].[Id] = [s0].[ProductosId]
ORDER BY [s].[Id], [s].[idAutor0], [s0].[CategoriasId], [s0].[ProductosId]
2025-07-11 20:27:00.207 -06:00 [ERR] Failed executing DbCommand (5ms) [Parameters=[@__producto_Id_0='11'], CommandType='"Text"', CommandTimeout='30']
SELECT [s].[Id], [s].[AnioPublicacion], [s].[ClasificacionEdad], [s].[Descripcion], [s].[Editorial], [s].[EsPersonalizable], [s].[Estado], [s].[idAutor], [s].[Nombre], [s].[Precio], [s].[PromedioValoracion], [s].[Stock], [s].[idAutor0], [s0].[CategoriasId], [s0].[ProductosId], [s0].[Id], [s0].[Estado], [s0].[Nombre], [s].[descripcion0]
FROM (
    SELECT TOP(1) [p].[Id], [p].[AnioPublicacion], [p].[ClasificacionEdad], [p].[Descripcion], [p].[Editorial], [p].[EsPersonalizable], [p].[Estado], [p].[idAutor], [p].[Nombre], [p].[Precio], [p].[PromedioValoracion], [p].[Stock], [a].[idAutor] AS [idAutor0], [a].[descripcion] AS [descripcion0]
    FROM [Productos] AS [p]
    LEFT JOIN [Autor] AS [a] ON [p].[idAutor] = [a].[idAutor]
    WHERE [p].[Id] = @__producto_Id_0
) AS [s]
LEFT JOIN (
    SELECT [c].[CategoriasId], [c].[ProductosId], [c0].[Id], [c0].[Estado], [c0].[Nombre]
    FROM [CategoriasProductos] AS [c]
    INNER JOIN [Categorias] AS [c0] ON [c].[CategoriasId] = [c0].[Id]
) AS [s0] ON [s].[Id] = [s0].[ProductosId]
ORDER BY [s].[Id], [s].[idAutor0], [s0].[CategoriasId], [s0].[ProductosId]
2025-07-11 20:27:00.240 -06:00 [ERR] An exception occurred while iterating over the results of a query for context type 'CultureOnline.Infraestructure.Data.CultureOnlineContext'.
Microsoft.Data.SqlClient.SqlException (0x80131904): Invalid object name 'CategoriasProductos'.
   at System.Threading.Tasks.ContinuationResultTaskFromResultTask`2.InnerInvoke()
   at System.Threading.ExecutionContext.RunInternal(ExecutionContext executionContext, ContextCallback callback, Object state)
--- End of stack trace from previous location ---
   at System.Threading.ExecutionContext.RunInternal(ExecutionContext executionContext, ContextCallback callback, Object state)
   at System.Threading.Tasks.Task.ExecuteWithThreadLocal(Task& currentTaskSlot, Thread threadPoolThread)
--- End of stack trace from previous location ---
   at Microsoft.EntityFrameworkCore.Storage.RelationalCommand.ExecuteReaderAsync(RelationalCommandParameterObject parameterObject, CancellationToken cancellationToken)
   at Microsoft.EntityFrameworkCore.Storage.RelationalCommand.ExecuteReaderAsync(RelationalCommandParameterObject parameterObject, CancellationToken cancellationToken)
   at Microsoft.EntityFrameworkCore.Query.Internal.SingleQueryingEnumerable`1.AsyncEnumerator.InitializeReaderAsync(AsyncEnumerator enumerator, CancellationToken cancellationToken)
   at Microsoft.EntityFrameworkCore.SqlServer.Storage.Internal.SqlServerExecutionStrategy.ExecuteAsync[TState,TResult](TState state, Func`4 operation, Func`4 verifySucceeded, CancellationToken cancellationToken)
   at Microsoft.EntityFrameworkCore.Query.Internal.SingleQueryingEnumerable`1.AsyncEnumerator.MoveNextAsync()
ClientConnectionId:e07dc957-7148-4687-9a31-62797603f27f
Error Number:208,State:1,Class:16
Microsoft.Data.SqlClient.SqlException (0x80131904): Invalid object name 'CategoriasProductos'.
   at System.Threading.Tasks.ContinuationResultTaskFromResultTask`2.InnerInvoke()
   at System.Threading.ExecutionContext.RunInternal(ExecutionContext executionContext, ContextCallback callback, Object state)
--- End of stack trace from previous location ---
   at System.Threading.ExecutionContext.RunInternal(ExecutionContext executionContext, ContextCallback callback, Object state)
   at System.Threading.Tasks.Task.ExecuteWithThreadLocal(Task& currentTaskSlot, Thread threadPoolThread)
--- End of stack trace from previous location ---
   at Microsoft.EntityFrameworkCore.Storage.RelationalCommand.ExecuteReaderAsync(RelationalCommandParameterObject parameterObject, CancellationToken cancellationToken)
   at Microsoft.EntityFrameworkCore.Storage.RelationalCommand.ExecuteReaderAsync(RelationalCommandParameterObject parameterObject, CancellationToken cancellationToken)
   at Microsoft.EntityFrameworkCore.Query.Internal.SingleQueryingEnumerable`1.AsyncEnumerator.InitializeReaderAsync(AsyncEnumerator enumerator, CancellationToken cancellationToken)
   at Microsoft.EntityFrameworkCore.SqlServer.Storage.Internal.SqlServerExecutionStrategy.ExecuteAsync[TState,TResult](TState state, Func`4 operation, Func`4 verifySucceeded, CancellationToken cancellationToken)
   at Microsoft.EntityFrameworkCore.Query.Internal.SingleQueryingEnumerable`1.AsyncEnumerator.MoveNextAsync()
ClientConnectionId:e07dc957-7148-4687-9a31-62797603f27f
Error Number:208,State:1,Class:16
2025-07-11 20:27:00.240 -06:00 [ERR] An exception occurred while iterating over the results of a query for context type 'CultureOnline.Infraestructure.Data.CultureOnlineContext'.
Microsoft.Data.SqlClient.SqlException (0x80131904): Invalid object name 'CategoriasProductos'.
   at System.Threading.Tasks.ContinuationResultTaskFromResultTask`2.InnerInvoke()
   at System.Threading.ExecutionContext.RunInternal(ExecutionContext executionContext, ContextCallback callback, Object state)
--- End of stack trace from previous location ---
   at System.Threading.ExecutionContext.RunInternal(ExecutionContext executionContext, ContextCallback callback, Object state)
   at System.Threading.Tasks.Task.ExecuteWithThreadLocal(Task& currentTaskSlot, Thread threadPoolThread)
--- End of stack trace from previous location ---
   at Microsoft.EntityFrameworkCore.Storage.RelationalCommand.ExecuteReaderAsync(RelationalCommandParameterObject parameterObject, CancellationToken cancellationToken)
   at Microsoft.EntityFrameworkCore.Storage.RelationalCommand.ExecuteReaderAsync(RelationalCommandParameterObject parameterObject, CancellationToken cancellationToken)
   at Microsoft.EntityFrameworkCore.Query.Internal.SingleQueryingEnumerable`1.AsyncEnumerator.InitializeReaderAsync(AsyncEnumerator enumerator, CancellationToken cancellationToken)
   at Microsoft.EntityFrameworkCore.SqlServer.Storage.Internal.SqlServerExecutionStrategy.ExecuteAsync[TState,TResult](TState state, Func`4 operation, Func`4 verifySucceeded, CancellationToken cancellationToken)
   at Microsoft.EntityFrameworkCore.Query.Internal.SingleQueryingEnumerable`1.AsyncEnumerator.MoveNextAsync()
ClientConnectionId:b77dac29-7243-4076-b677-89f50b1175cc
Error Number:208,State:1,Class:16
Microsoft.Data.SqlClient.SqlException (0x80131904): Invalid object name 'CategoriasProductos'.
   at System.Threading.Tasks.ContinuationResultTaskFromResultTask`2.InnerInvoke()
   at System.Threading.ExecutionContext.RunInternal(ExecutionContext executionContext, ContextCallback callback, Object state)
--- End of stack trace from previous location ---
   at System.Threading.ExecutionContext.RunInternal(ExecutionContext executionContext, ContextCallback callback, Object state)
   at System.Threading.Tasks.Task.ExecuteWithThreadLocal(Task& currentTaskSlot, Thread threadPoolThread)
--- End of stack trace from previous location ---
   at Microsoft.EntityFrameworkCore.Storage.RelationalCommand.ExecuteReaderAsync(RelationalCommandParameterObject parameterObject, CancellationToken cancellationToken)
   at Microsoft.EntityFrameworkCore.Storage.RelationalCommand.ExecuteReaderAsync(RelationalCommandParameterObject parameterObject, CancellationToken cancellationToken)
   at Microsoft.EntityFrameworkCore.Query.Internal.SingleQueryingEnumerable`1.AsyncEnumerator.InitializeReaderAsync(AsyncEnumerator enumerator, CancellationToken cancellationToken)
   at Microsoft.EntityFrameworkCore.SqlServer.Storage.Internal.SqlServerExecutionStrategy.ExecuteAsync[TState,TResult](TState state, Func`4 operation, Func`4 verifySucceeded, CancellationToken cancellationToken)
   at Microsoft.EntityFrameworkCore.Query.Internal.SingleQueryingEnumerable`1.AsyncEnumerator.MoveNextAsync()
ClientConnectionId:b77dac29-7243-4076-b677-89f50b1175cc
Error Number:208,State:1,Class:16
