2025-07-12 10:37:07.955 -06:00 [ERR] Failed executing DbCommand (6ms) [Parameters=[@__producto_Id_0='17'], CommandType='"Text"', CommandTimeout='30']
SELECT [s].[Id], [s].[AnioPublicacion], [s].[ClasificacionEdad], [s].[Descripcion], [s].[Editorial], [s].[EsPersonalizable], [s].[Estado], [s].[idAutor], [s].[Nombre], [s].[Precio], [s].[PromedioValoracion], [s].[Stock], [s].[idAutor0], [s0].[CategoriasId], [s0].[ProductosId], [s0].[Id], [s0].[Estado], [s0].[Nombre], [s].[descripcion0]
FROM (
    SELECT TOP(1) [p].[Id], [p].[AnioPublicacion], [p].[ClasificacionEdad], [p].[Descripcion], [p].[Editorial], [p].[EsPersonalizable], [p].[Estado], [p].[idAutor], [p].[Nombre], [p].[Precio], [p].[PromedioValoracion], [p].[Stock], [a].[idAutor] AS [idAutor0], [a].[descripcion] AS [descripcion0]
    FROM [Productos] AS [p]
    LEFT JOIN [Autor] AS [a] ON [p].[idAutor] = [a].[idAutor]
    WHERE [p].[Id] = @__producto_Id_0
) AS [s]
LEFT JOIN (
    SELECT [c].[CategoriasId], [c].[ProductosId], [c0].[Id], [c0].[Estado], [c0].[Nombre]
    FROM [CategoriasProductos] AS [c]
    INNER JOIN [Categorias] AS [c0] ON [c].[CategoriasId] = [c0].[Id]
) AS [s0] ON [s].[Id] = [s0].[ProductosId]
ORDER BY [s].[Id], [s].[idAutor0], [s0].[CategoriasId], [s0].[ProductosId]
2025-07-12 10:37:07.991 -06:00 [ERR] An exception occurred while iterating over the results of a query for context type 'CultureOnline.Infraestructure.Data.CultureOnlineContext'.
Microsoft.Data.SqlClient.SqlException (0x80131904): Invalid object name 'CategoriasProductos'.
   at Microsoft.Data.SqlClient.SqlCommand.<>c.<ExecuteDbDataReaderAsync>b__211_0(Task`1 result)
   at System.Threading.Tasks.ContinuationResultTaskFromResultTask`2.InnerInvoke()
   at System.Threading.ExecutionContext.RunInternal(ExecutionContext executionContext, ContextCallback callback, Object state)
--- End of stack trace from previous location ---
   at System.Threading.ExecutionContext.RunInternal(ExecutionContext executionContext, ContextCallback callback, Object state)
   at System.Threading.Tasks.Task.ExecuteWithThreadLocal(Task& currentTaskSlot, Thread threadPoolThread)
--- End of stack trace from previous location ---
   at Microsoft.EntityFrameworkCore.Storage.RelationalCommand.ExecuteReaderAsync(RelationalCommandParameterObject parameterObject, CancellationToken cancellationToken)
   at Microsoft.EntityFrameworkCore.Storage.RelationalCommand.ExecuteReaderAsync(RelationalCommandParameterObject parameterObject, CancellationToken cancellationToken)
   at Microsoft.EntityFrameworkCore.Query.Internal.SingleQueryingEnumerable`1.AsyncEnumerator.InitializeReaderAsync(AsyncEnumerator enumerator, CancellationToken cancellationToken)
   at Microsoft.EntityFrameworkCore.SqlServer.Storage.Internal.SqlServerExecutionStrategy.ExecuteAsync[TState,TResult](TState state, Func`4 operation, Func`4 verifySucceeded, CancellationToken cancellationToken)
   at Microsoft.EntityFrameworkCore.Query.Internal.SingleQueryingEnumerable`1.AsyncEnumerator.MoveNextAsync()
ClientConnectionId:8fe85183-6c10-4a49-b3a3-a2647e5ddf2f
Error Number:208,State:1,Class:16
Microsoft.Data.SqlClient.SqlException (0x80131904): Invalid object name 'CategoriasProductos'.
   at Microsoft.Data.SqlClient.SqlCommand.<>c.<ExecuteDbDataReaderAsync>b__211_0(Task`1 result)
   at System.Threading.Tasks.ContinuationResultTaskFromResultTask`2.InnerInvoke()
   at System.Threading.ExecutionContext.RunInternal(ExecutionContext executionContext, ContextCallback callback, Object state)
--- End of stack trace from previous location ---
   at System.Threading.ExecutionContext.RunInternal(ExecutionContext executionContext, ContextCallback callback, Object state)
   at System.Threading.Tasks.Task.ExecuteWithThreadLocal(Task& currentTaskSlot, Thread threadPoolThread)
--- End of stack trace from previous location ---
   at Microsoft.EntityFrameworkCore.Storage.RelationalCommand.ExecuteReaderAsync(RelationalCommandParameterObject parameterObject, CancellationToken cancellationToken)
   at Microsoft.EntityFrameworkCore.Storage.RelationalCommand.ExecuteReaderAsync(RelationalCommandParameterObject parameterObject, CancellationToken cancellationToken)
   at Microsoft.EntityFrameworkCore.Query.Internal.SingleQueryingEnumerable`1.AsyncEnumerator.InitializeReaderAsync(AsyncEnumerator enumerator, CancellationToken cancellationToken)
   at Microsoft.EntityFrameworkCore.SqlServer.Storage.Internal.SqlServerExecutionStrategy.ExecuteAsync[TState,TResult](TState state, Func`4 operation, Func`4 verifySucceeded, CancellationToken cancellationToken)
   at Microsoft.EntityFrameworkCore.Query.Internal.SingleQueryingEnumerable`1.AsyncEnumerator.MoveNextAsync()
ClientConnectionId:8fe85183-6c10-4a49-b3a3-a2647e5ddf2f
Error Number:208,State:1,Class:16
2025-07-12 10:52:15.781 -06:00 [ERR] Failed executing DbCommand (5ms) [Parameters=[@__producto_Id_0='17'], CommandType='"Text"', CommandTimeout='30']
SELECT [s].[Id], [s].[AnioPublicacion], [s].[ClasificacionEdad], [s].[Descripcion], [s].[Editorial], [s].[EsPersonalizable], [s].[Estado], [s].[idAutor], [s].[Nombre], [s].[Precio], [s].[PromedioValoracion], [s].[Stock], [s].[idAutor0], [s0].[CategoriasId], [s0].[ProductosId], [s0].[Id], [s0].[Estado], [s0].[Nombre], [s].[descripcion0]
FROM (
    SELECT TOP(1) [p].[Id], [p].[AnioPublicacion], [p].[ClasificacionEdad], [p].[Descripcion], [p].[Editorial], [p].[EsPersonalizable], [p].[Estado], [p].[idAutor], [p].[Nombre], [p].[Precio], [p].[PromedioValoracion], [p].[Stock], [a].[idAutor] AS [idAutor0], [a].[descripcion] AS [descripcion0]
    FROM [Productos] AS [p]
    LEFT JOIN [Autor] AS [a] ON [p].[idAutor] = [a].[idAutor]
    WHERE [p].[Id] = @__producto_Id_0
) AS [s]
LEFT JOIN (
    SELECT [c].[CategoriasId], [c].[ProductosId], [c0].[Id], [c0].[Estado], [c0].[Nombre]
    FROM [CategoriasProductos] AS [c]
    INNER JOIN [Categorias] AS [c0] ON [c].[CategoriasId] = [c0].[Id]
) AS [s0] ON [s].[Id] = [s0].[ProductosId]
ORDER BY [s].[Id], [s].[idAutor0], [s0].[CategoriasId], [s0].[ProductosId]
2025-07-12 10:52:15.810 -06:00 [ERR] An exception occurred while iterating over the results of a query for context type 'CultureOnline.Infraestructure.Data.CultureOnlineContext'.
Microsoft.Data.SqlClient.SqlException (0x80131904): Invalid object name 'CategoriasProductos'.
   at System.Threading.Tasks.ContinuationResultTaskFromResultTask`2.InnerInvoke()
   at System.Threading.ExecutionContext.RunInternal(ExecutionContext executionContext, ContextCallback callback, Object state)
--- End of stack trace from previous location ---
   at System.Threading.ExecutionContext.RunInternal(ExecutionContext executionContext, ContextCallback callback, Object state)
   at System.Threading.Tasks.Task.ExecuteWithThreadLocal(Task& currentTaskSlot, Thread threadPoolThread)
--- End of stack trace from previous location ---
   at Microsoft.EntityFrameworkCore.Storage.RelationalCommand.ExecuteReaderAsync(RelationalCommandParameterObject parameterObject, CancellationToken cancellationToken)
   at Microsoft.EntityFrameworkCore.Storage.RelationalCommand.ExecuteReaderAsync(RelationalCommandParameterObject parameterObject, CancellationToken cancellationToken)
   at Microsoft.EntityFrameworkCore.Query.Internal.SingleQueryingEnumerable`1.AsyncEnumerator.InitializeReaderAsync(AsyncEnumerator enumerator, CancellationToken cancellationToken)
   at Microsoft.EntityFrameworkCore.SqlServer.Storage.Internal.SqlServerExecutionStrategy.ExecuteAsync[TState,TResult](TState state, Func`4 operation, Func`4 verifySucceeded, CancellationToken cancellationToken)
   at Microsoft.EntityFrameworkCore.Query.Internal.SingleQueryingEnumerable`1.AsyncEnumerator.MoveNextAsync()
ClientConnectionId:50d3a2a1-004c-4fa7-82f1-7902205252a2
Error Number:208,State:1,Class:16
Microsoft.Data.SqlClient.SqlException (0x80131904): Invalid object name 'CategoriasProductos'.
   at System.Threading.Tasks.ContinuationResultTaskFromResultTask`2.InnerInvoke()
   at System.Threading.ExecutionContext.RunInternal(ExecutionContext executionContext, ContextCallback callback, Object state)
--- End of stack trace from previous location ---
   at System.Threading.ExecutionContext.RunInternal(ExecutionContext executionContext, ContextCallback callback, Object state)
   at System.Threading.Tasks.Task.ExecuteWithThreadLocal(Task& currentTaskSlot, Thread threadPoolThread)
--- End of stack trace from previous location ---
   at Microsoft.EntityFrameworkCore.Storage.RelationalCommand.ExecuteReaderAsync(RelationalCommandParameterObject parameterObject, CancellationToken cancellationToken)
   at Microsoft.EntityFrameworkCore.Storage.RelationalCommand.ExecuteReaderAsync(RelationalCommandParameterObject parameterObject, CancellationToken cancellationToken)
   at Microsoft.EntityFrameworkCore.Query.Internal.SingleQueryingEnumerable`1.AsyncEnumerator.InitializeReaderAsync(AsyncEnumerator enumerator, CancellationToken cancellationToken)
   at Microsoft.EntityFrameworkCore.SqlServer.Storage.Internal.SqlServerExecutionStrategy.ExecuteAsync[TState,TResult](TState state, Func`4 operation, Func`4 verifySucceeded, CancellationToken cancellationToken)
   at Microsoft.EntityFrameworkCore.Query.Internal.SingleQueryingEnumerable`1.AsyncEnumerator.MoveNextAsync()
ClientConnectionId:50d3a2a1-004c-4fa7-82f1-7902205252a2
Error Number:208,State:1,Class:16
